c:\users\asus\desktop\computacion-grafica-proyecto\debug\vc141.pdb
c:\users\asus\desktop\computacion-grafica-proyecto\debug\vc141.idb
c:\users\asus\desktop\computacion-grafica-proyecto\debug\window.obj
c:\users\asus\desktop\computacion-grafica-proyecto\debug\texture.obj
c:\users\asus\desktop\computacion-grafica-proyecto\debug\spotlight.obj
c:\users\asus\desktop\computacion-grafica-proyecto\debug\sphere.obj
c:\users\asus\desktop\computacion-grafica-proyecto\debug\skybox.obj
c:\users\asus\desktop\computacion-grafica-proyecto\debug\shader_light.obj
c:\users\asus\desktop\computacion-grafica-proyecto\debug\pointlight.obj
c:\users\asus\desktop\computacion-grafica-proyecto\debug\model.obj
c:\users\asus\desktop\computacion-grafica-proyecto\debug\mesh_tn.obj
c:\users\asus\desktop\computacion-grafica-proyecto\debug\material.obj
c:\users\asus\desktop\computacion-grafica-proyecto\debug\maincode.obj
c:\users\asus\desktop\computacion-grafica-proyecto\debug\light.obj
c:\users\asus\desktop\computacion-grafica-proyecto\debug\directionallight.obj
c:\users\asus\desktop\computacion-grafica-proyecto\debug\camera.obj
c:\users\asus\desktop\computacion-grafica-proyecto\debug\computacion grafica.ilk
c:\users\asus\desktop\computacion-grafica-proyecto\debug\computacion grafica.exe
c:\users\asus\desktop\computacion-grafica-proyecto\debug\computacion grafica.pdb
c:\users\asus\desktop\computacion-grafica-proyecto\debug\computac.03fc6e1f.tlog\cl.command.1.tlog
c:\users\asus\desktop\computacion-grafica-proyecto\debug\computac.03fc6e1f.tlog\cl.read.1.tlog
c:\users\asus\desktop\computacion-grafica-proyecto\debug\computac.03fc6e1f.tlog\cl.write.1.tlog
c:\users\asus\desktop\computacion-grafica-proyecto\debug\computac.03fc6e1f.tlog\link.command.1.tlog
c:\users\asus\desktop\computacion-grafica-proyecto\debug\computac.03fc6e1f.tlog\link.read.1.tlog
c:\users\asus\desktop\computacion-grafica-proyecto\debug\computac.03fc6e1f.tlog\link.write.1.tlog
