  practica11.cpp
C:\Users\maria\Documents\Visual Studio 2019\Proyectos\Computacion Grafica\Computacion-Grafica-Proyecto\Window.h(12,36): warning C4244: 'return': conversion from 'GLint' to 'GLfloat', possible loss of data
C:\Users\maria\Documents\Visual Studio 2019\Proyectos\Computacion Grafica\Computacion-Grafica-Proyecto\Window.h(13,37): warning C4244: 'return': conversion from 'GLint' to 'GLfloat', possible loss of data
C:\Users\maria\Documents\Visual Studio 2019\Proyectos\Computacion Grafica\Computacion-Grafica-Proyecto\practica11.cpp(116,52): warning C4267: 'initializing': conversion from 'size_t' to 'unsigned int', possible loss of data
C:\Users\maria\Documents\Visual Studio 2019\Proyectos\Computacion Grafica\Computacion-Grafica-Proyecto\practica11.cpp(396,9): warning C4244: '=': conversion from 'float' to 'int', possible loss of data
C:\Users\maria\Documents\Visual Studio 2019\Proyectos\Computacion Grafica\Computacion-Grafica-Proyecto\practica11.cpp(397,15): warning C4244: '=': conversion from 'int' to 'float', possible loss of data
C:\Users\maria\Documents\Visual Studio 2019\Proyectos\Computacion Grafica\Computacion-Grafica-Proyecto\practica11.cpp(407,15): warning C4244: 'initializing': conversion from 'double' to 'GLfloat', possible loss of data
  Window.cpp
C:\Users\maria\Documents\Visual Studio 2019\Proyectos\Computacion Grafica\Computacion-Grafica-Proyecto\Window.h(12,36): warning C4244: 'return': conversion from 'GLint' to 'GLfloat', possible loss of data
C:\Users\maria\Documents\Visual Studio 2019\Proyectos\Computacion Grafica\Computacion-Grafica-Proyecto\Window.h(13,37): warning C4244: 'return': conversion from 'GLint' to 'GLfloat', possible loss of data
C:\Users\maria\Documents\Visual Studio 2019\Proyectos\Computacion Grafica\Computacion-Grafica-Proyecto\Window.cpp(186,22): warning C4244: '=': conversion from 'double' to 'GLfloat', possible loss of data
C:\Users\maria\Documents\Visual Studio 2019\Proyectos\Computacion Grafica\Computacion-Grafica-Proyecto\Window.cpp(187,22): warning C4244: '=': conversion from 'double' to 'GLfloat', possible loss of data
C:\Users\maria\Documents\Visual Studio 2019\Proyectos\Computacion Grafica\Computacion-Grafica-Proyecto\Window.cpp(191,28): warning C4244: '=': conversion from 'double' to 'GLfloat', possible loss of data
C:\Users\maria\Documents\Visual Studio 2019\Proyectos\Computacion Grafica\Computacion-Grafica-Proyecto\Window.cpp(192,40): warning C4244: '=': conversion from 'double' to 'GLfloat', possible loss of data
C:\Users\maria\Documents\Visual Studio 2019\Proyectos\Computacion Grafica\Computacion-Grafica-Proyecto\Window.cpp(194,21): warning C4244: '=': conversion from 'double' to 'GLfloat', possible loss of data
C:\Users\maria\Documents\Visual Studio 2019\Proyectos\Computacion Grafica\Computacion-Grafica-Proyecto\Window.cpp(195,21): warning C4244: '=': conversion from 'double' to 'GLfloat', possible loss of data
  Generating Code...
C:\Users\maria\Documents\Visual Studio 2019\Proyectos\Computacion Grafica\Computacion-Grafica-Proyecto\Window.cpp(81): warning C4715: 'Window::Initialise': not all control paths return a value
DirectionalLight.obj : error LNK2001: unresolved external symbol __imp___glewUniform1f
Material.obj : error LNK2001: unresolved external symbol __imp___glewUniform1f
PointLight.obj : error LNK2001: unresolved external symbol __imp___glewUniform1f
SpotLight.obj : error LNK2001: unresolved external symbol __imp___glewUniform1f
DirectionalLight.obj : error LNK2001: unresolved external symbol __imp___glewUniform3f
PointLight.obj : error LNK2001: unresolved external symbol __imp___glewUniform3f
practica11.obj : error LNK2001: unresolved external symbol __imp___glewUniform3f
SpotLight.obj : error LNK2001: unresolved external symbol __imp___glewUniform3f
Mesh_tn.obj : error LNK2001: unresolved external symbol __imp___glewBindBuffer
Sphere.obj : error LNK2001: unresolved external symbol __imp___glewBindBuffer
Mesh_tn.obj : error LNK2001: unresolved external symbol __imp___glewBufferData
Sphere.obj : error LNK2001: unresolved external symbol __imp___glewBufferData
Mesh_tn.obj : error LNK2001: unresolved external symbol __imp___glewDeleteBuffers
Sphere.obj : error LNK2001: unresolved external symbol __imp___glewDeleteBuffers
Mesh_tn.obj : error LNK2001: unresolved external symbol __imp___glewGenBuffers
Sphere.obj : error LNK2001: unresolved external symbol __imp___glewGenBuffers
Mesh_tn.obj : error LNK2001: unresolved external symbol __imp___glewEnableVertexAttribArray
Sphere.obj : error LNK2001: unresolved external symbol __imp___glewEnableVertexAttribArray
Mesh_tn.obj : error LNK2001: unresolved external symbol __imp___glewVertexAttribPointer
Sphere.obj : error LNK2001: unresolved external symbol __imp___glewVertexAttribPointer
Mesh_tn.obj : error LNK2001: unresolved external symbol __imp___glewBindVertexArray
Sphere.obj : error LNK2001: unresolved external symbol __imp___glewBindVertexArray
Mesh_tn.obj : error LNK2001: unresolved external symbol __imp___glewDeleteVertexArrays
Sphere.obj : error LNK2001: unresolved external symbol __imp___glewDeleteVertexArrays
Mesh_tn.obj : error LNK2001: unresolved external symbol __imp___glewGenVertexArrays
Sphere.obj : error LNK2001: unresolved external symbol __imp___glewGenVertexArrays
Model.obj : error LNK2019: unresolved external symbol "public: __cdecl Assimp::Importer::Importer(void)" (??0Importer@Assimp@@QEAA@XZ) referenced in function "public: void __cdecl Model::LoadModel(class std::basic_string<char,struct std::char_traits<char>,class std::allocator<char> > const &)" (?LoadModel@Model@@QEAAXAEBV?$basic_string@DU?$char_traits@D@std@@V?$allocator@D@2@@std@@@Z)
Model.obj : error LNK2019: unresolved external symbol "public: __cdecl Assimp::Importer::~Importer(void)" (??1Importer@Assimp@@QEAA@XZ) referenced in function "public: void __cdecl Model::LoadModel(class std::basic_string<char,struct std::char_traits<char>,class std::allocator<char> > const &)" (?LoadModel@Model@@QEAAXAEBV?$basic_string@DU?$char_traits@D@std@@V?$allocator@D@2@@std@@@Z)
Model.obj : error LNK2019: unresolved external symbol "public: struct aiScene const * __cdecl Assimp::Importer::ReadFile(char const *,unsigned int)" (?ReadFile@Importer@Assimp@@QEAAPEBUaiScene@@PEBDI@Z) referenced in function "public: struct aiScene const * __cdecl Assimp::Importer::ReadFile(class std::basic_string<char,struct std::char_traits<char>,class std::allocator<char> > const &,unsigned int)" (?ReadFile@Importer@Assimp@@QEAAPEBUaiScene@@AEBV?$basic_string@DU?$char_traits@D@std@@V?$allocator@D@2@@std@@I@Z)
Model.obj : error LNK2019: unresolved external symbol "public: char const * __cdecl Assimp::Importer::GetErrorString(void)const " (?GetErrorString@Importer@Assimp@@QEBAPEBDXZ) referenced in function "public: void __cdecl Model::LoadModel(class std::basic_string<char,struct std::char_traits<char>,class std::allocator<char> > const &)" (?LoadModel@Model@@QEAAXAEBV?$basic_string@DU?$char_traits@D@std@@V?$allocator@D@2@@std@@@Z)
Model.obj : error LNK2019: unresolved external symbol aiGetMaterialTextureCount referenced in function "public: unsigned int __cdecl aiMaterial::GetTextureCount(enum aiTextureType)const " (?GetTextureCount@aiMaterial@@QEBAIW4aiTextureType@@@Z)
Model.obj : error LNK2019: unresolved external symbol aiGetMaterialTexture referenced in function "public: enum aiReturn __cdecl aiMaterial::GetTexture(enum aiTextureType,unsigned int,struct aiString *,enum aiTextureMapping *,unsigned int *,float *,enum aiTextureOp *,enum aiTextureMapMode *)const " (?GetTexture@aiMaterial@@QEBA?AW4aiReturn@@W4aiTextureType@@IPEAUaiString@@PEAW4aiTextureMapping@@PEAIPEAMPEAW4aiTextureOp@@PEAW4aiTextureMapMode@@@Z)
practica11.obj : error LNK2019: unresolved external symbol glfwWindowShouldClose referenced in function "public: bool __cdecl Window::getShouldClose(void)" (?getShouldClose@Window@@QEAA_NXZ)
practica11.obj : error LNK2019: unresolved external symbol glfwPollEvents referenced in function main
practica11.obj : error LNK2019: unresolved external symbol glfwGetTime referenced in function main
practica11.obj : error LNK2019: unresolved external symbol glfwSwapBuffers referenced in function "public: void __cdecl Window::swapBuffers(void)" (?swapBuffers@Window@@QEAAXXZ)
practica11.obj : error LNK2001: unresolved external symbol __imp___glewUniformMatrix4fv
Skybox.obj : error LNK2001: unresolved external symbol __imp___glewUniformMatrix4fv
practica11.obj : error LNK2001: unresolved external symbol __imp___glewUseProgram
Shader_light.obj : error LNK2001: unresolved external symbol __imp___glewUseProgram
Shader_light.obj : error LNK2001: unresolved external symbol __imp___glewAttachShader
Shader_light.obj : error LNK2001: unresolved external symbol __imp___glewCompileShader
Shader_light.obj : error LNK2001: unresolved external symbol __imp___glewCreateProgram
Shader_light.obj : error LNK2001: unresolved external symbol __imp___glewCreateShader
Shader_light.obj : error LNK2001: unresolved external symbol __imp___glewDeleteProgram
Shader_light.obj : error LNK2001: unresolved external symbol __imp___glewGetProgramInfoLog
Shader_light.obj : error LNK2001: unresolved external symbol __imp___glewGetProgramiv
Shader_light.obj : error LNK2001: unresolved external symbol __imp___glewGetShaderInfoLog
Shader_light.obj : error LNK2001: unresolved external symbol __imp___glewGetShaderiv
Shader_light.obj : error LNK2001: unresolved external symbol __imp___glewGetUniformLocation
Shader_light.obj : error LNK2001: unresolved external symbol __imp___glewLinkProgram
Shader_light.obj : error LNK2001: unresolved external symbol __imp___glewShaderSource
Shader_light.obj : error LNK2001: unresolved external symbol __imp___glewUniform1i
Shader_light.obj : error LNK2001: unresolved external symbol __imp___glewValidateProgram
Skybox.obj : error LNK2001: unresolved external symbol __imp___glewActiveTexture
Texture.obj : error LNK2001: unresolved external symbol __imp___glewActiveTexture
Sphere.obj : error LNK2001: unresolved external symbol __imp___glewDisableVertexAttribArray
Texture.obj : error LNK2001: unresolved external symbol __imp___glewGenerateMipmap
Window.obj : error LNK2019: unresolved external symbol __imp_glewInit referenced in function "public: int __cdecl Window::Initialise(void)" (?Initialise@Window@@QEAAHXZ)
Window.obj : error LNK2019: unresolved external symbol glfwInit referenced in function "public: int __cdecl Window::Initialise(void)" (?Initialise@Window@@QEAAHXZ)
Window.obj : error LNK2019: unresolved external symbol glfwTerminate referenced in function "public: __cdecl Window::~Window(void)" (??1Window@@QEAA@XZ)
Window.obj : error LNK2019: unresolved external symbol glfwWindowHint referenced in function "public: int __cdecl Window::Initialise(void)" (?Initialise@Window@@QEAAHXZ)
Window.obj : error LNK2019: unresolved external symbol glfwCreateWindow referenced in function "public: int __cdecl Window::Initialise(void)" (?Initialise@Window@@QEAAHXZ)
Window.obj : error LNK2019: unresolved external symbol glfwDestroyWindow referenced in function "public: __cdecl Window::~Window(void)" (??1Window@@QEAA@XZ)
Window.obj : error LNK2019: unresolved external symbol glfwSetWindowShouldClose referenced in function "private: static void __cdecl Window::ManejaTeclado(struct GLFWwindow *,int,int,int,int)" (?ManejaTeclado@Window@@CAXPEAUGLFWwindow@@HHHH@Z)
Window.obj : error LNK2019: unresolved external symbol glfwGetFramebufferSize referenced in function "public: int __cdecl Window::Initialise(void)" (?Initialise@Window@@QEAAHXZ)
Window.obj : error LNK2019: unresolved external symbol glfwSetWindowUserPointer referenced in function "public: int __cdecl Window::Initialise(void)" (?Initialise@Window@@QEAAHXZ)
Window.obj : error LNK2019: unresolved external symbol glfwGetWindowUserPointer referenced in function "private: static void __cdecl Window::ManejaMouse(struct GLFWwindow *,double,double)" (?ManejaMouse@Window@@CAXPEAUGLFWwindow@@NN@Z)
Window.obj : error LNK2019: unresolved external symbol glfwSetKeyCallback referenced in function "private: void __cdecl Window::createCallbacks(void)" (?createCallbacks@Window@@AEAAXXZ)
Window.obj : error LNK2019: unresolved external symbol glfwSetCursorPosCallback referenced in function "private: void __cdecl Window::createCallbacks(void)" (?createCallbacks@Window@@AEAAXXZ)
Window.obj : error LNK2019: unresolved external symbol glfwMakeContextCurrent referenced in function "public: int __cdecl Window::Initialise(void)" (?Initialise@Window@@QEAAHXZ)
Window.obj : error LNK2001: unresolved external symbol __imp_glewExperimental
C:\Users\maria\Documents\Visual Studio 2019\Proyectos\Computacion Grafica\Computacion Grafica\lib\glfw3.lib : warning LNK4272: library machine type 'x86' conflicts with target machine type 'x64'
C:\Users\maria\Documents\Visual Studio 2019\Proyectos\Computacion Grafica\Computacion Grafica\lib\glew32.lib : warning LNK4272: library machine type 'x86' conflicts with target machine type 'x64'
C:\Users\maria\Documents\Visual Studio 2019\Proyectos\Computacion Grafica\Computacion-Grafica-Proyecto\x64\Debug\Computacion Grafica.exe : fatal error LNK1120: 54 unresolved externals
